<?xml version="1.0" encoding="UTF-8"?>
<!-- Generated by org.testng.reporters.JUnitReportReporter -->
<testsuite hostname="DESKTOP-IP80BGQ" failures="0" tests="1" name="WM.WMTest" time="36.611" errors="0" timestamp="2021-09-25T11:50:44 IST" skipped="0">
  <testcase classname="WM.WMTest" name="freeCRMTest" time="36.611"/>
  <system-out/>
</testsuite> <!-- WM.WMTest -->
